<?xml version="1.0" encoding="UTF-8"?>
<coverage generated="1513005552146" clover="3.2.0">
  <project timestamp="1513005552146" name="All files">
    <metrics statements="206" coveredstatements="185" conditionals="83" coveredconditionals="65" methods="80" coveredmethods="71" elements="369" coveredelements="321" complexity="0" loc="206" ncloc="206" packages="6" files="17" classes="17">
      <package name="jest">
        <metrics statements="1" coveredstatements="1" conditionals="0" coveredconditionals="0" methods="0" coveredmethods="0"/>
        <file name="fetchMock.js" path="/Users/bartoszadamczyk/Projects/aktualne/mock-office/jest/fetchMock.js">
          <metrics statements="1" coveredstatements="1" conditionals="0" coveredconditionals="0" methods="0" coveredmethods="0"/>
          <line num="1" count="8" type="stmt"/>
        </file>
        <file name="rxSetup.js" path="/Users/bartoszadamczyk/Projects/aktualne/mock-office/jest/rxSetup.js">
          <metrics statements="0" coveredstatements="0" conditionals="0" coveredconditionals="0" methods="0" coveredmethods="0"/>
        </file>
      </package>
      <package name="src.lib.app">
        <metrics statements="3" coveredstatements="3" conditionals="0" coveredconditionals="0" methods="0" coveredmethods="0"/>
        <file name="eventLog.js" path="/Users/bartoszadamczyk/Projects/aktualne/mock-office/src/lib/app/eventLog.js">
          <metrics statements="3" coveredstatements="3" conditionals="0" coveredconditionals="0" methods="0" coveredmethods="0"/>
          <line num="3" count="2" type="stmt"/>
          <line num="4" count="2" type="stmt"/>
          <line num="5" count="2" type="stmt"/>
        </file>
      </package>
      <package name="src.lib.app.codex">
        <metrics statements="53" coveredstatements="48" conditionals="18" coveredconditionals="14" methods="17" coveredmethods="15"/>
        <file name="Behaviour.js" path="/Users/bartoszadamczyk/Projects/aktualne/mock-office/src/lib/app/codex/Behaviour.js">
          <metrics statements="30" coveredstatements="25" conditionals="8" coveredconditionals="4" methods="10" coveredmethods="8"/>
          <line num="8" count="1" type="stmt"/>
          <line num="9" count="1" type="stmt"/>
          <line num="10" count="1" type="stmt"/>
          <line num="11" count="1" type="cond" truecount="2" falsecount="0"/>
          <line num="12" count="1" type="stmt"/>
          <line num="13" count="1" type="stmt"/>
          <line num="14" count="1" type="stmt"/>
          <line num="15" count="1" type="stmt"/>
          <line num="17" count="1" type="stmt"/>
          <line num="18" count="1" type="stmt"/>
          <line num="24" count="1" type="stmt"/>
          <line num="30" count="1" type="cond" truecount="1" falsecount="1"/>
          <line num="31" count="0" type="stmt"/>
          <line num="34" count="1" type="stmt"/>
          <line num="36" count="1" type="stmt"/>
          <line num="42" count="1" type="stmt"/>
          <line num="43" count="1" type="stmt"/>
          <line num="44" count="1" type="stmt"/>
          <line num="46" count="1" type="stmt"/>
          <line num="47" count="1" type="stmt"/>
          <line num="48" count="1" type="cond" truecount="1" falsecount="1"/>
          <line num="49" count="1" type="stmt"/>
          <line num="51" count="1" type="stmt"/>
          <line num="59" count="1" type="stmt"/>
          <line num="63" count="1" type="stmt"/>
          <line num="68" count="0" type="cond" truecount="0" falsecount="2"/>
          <line num="69" count="0" type="stmt"/>
          <line num="70" count="0" type="stmt"/>
          <line num="72" count="0" type="stmt"/>
          <line num="81" count="1" type="stmt"/>
        </file>
        <file name="Event.js" path="/Users/bartoszadamczyk/Projects/aktualne/mock-office/src/lib/app/codex/Event.js">
          <metrics statements="2" coveredstatements="2" conditionals="0" coveredconditionals="0" methods="1" coveredmethods="1"/>
          <line num="3" count="1" type="stmt"/>
          <line num="4" count="1" type="stmt"/>
        </file>
        <file name="Reaction.js" path="/Users/bartoszadamczyk/Projects/aktualne/mock-office/src/lib/app/codex/Reaction.js">
          <metrics statements="21" coveredstatements="21" conditionals="10" coveredconditionals="10" methods="6" coveredmethods="6"/>
          <line num="7" count="7" type="stmt"/>
          <line num="8" count="7" type="stmt"/>
          <line num="9" count="7" type="cond" truecount="2" falsecount="0"/>
          <line num="10" count="7" type="cond" truecount="2" falsecount="0"/>
          <line num="11" count="7" type="stmt"/>
          <line num="12" count="7" type="stmt"/>
          <line num="17" count="7" type="cond" truecount="2" falsecount="0"/>
          <line num="21" count="7" type="cond" truecount="2" falsecount="0"/>
          <line num="25" count="7" type="stmt"/>
          <line num="27" count="7" type="stmt"/>
          <line num="35" count="7" type="stmt"/>
          <line num="37" count="14" type="stmt"/>
          <line num="41" count="4" type="cond" truecount="2" falsecount="0"/>
          <line num="42" count="1" type="stmt"/>
          <line num="45" count="4" type="stmt"/>
          <line num="47" count="4" type="stmt"/>
          <line num="57" count="7" type="stmt"/>
          <line num="58" count="1" type="stmt"/>
          <line num="60" count="1" type="stmt"/>
          <line num="62" count="1" type="stmt"/>
          <line num="79" count="2" type="stmt"/>
        </file>
      </package>
      <package name="src.lib.gui.modules.mock-office-service.lib">
        <metrics statements="86" coveredstatements="78" conditionals="50" coveredconditionals="42" methods="35" coveredmethods="35"/>
        <file name="MockOfficeService.js" path="/Users/bartoszadamczyk/Projects/aktualne/mock-office/src/lib/gui/modules/mock-office-service/lib/MockOfficeService.js">
          <metrics statements="82" coveredstatements="74" conditionals="50" coveredconditionals="42" methods="31" coveredmethods="31"/>
          <line num="11" count="27" type="cond" truecount="1" falsecount="1"/>
          <line num="12" count="0" type="stmt"/>
          <line num="15" count="27" type="stmt"/>
          <line num="16" count="27" type="stmt"/>
          <line num="20" count="27" type="stmt"/>
          <line num="22" count="1" type="stmt"/>
          <line num="25" count="26" type="cond" truecount="2" falsecount="0"/>
          <line num="26" count="1" type="stmt"/>
          <line num="27" count="1" type="stmt"/>
          <line num="31" count="25" type="stmt"/>
          <line num="36" count="3" type="stmt"/>
          <line num="48" count="3" type="cond" truecount="2" falsecount="0"/>
          <line num="49" count="1" type="stmt"/>
          <line num="50" count="2" type="cond" truecount="2" falsecount="0"/>
          <line num="51" count="1" type="stmt"/>
          <line num="52" count="1" type="stmt"/>
          <line num="56" count="1" type="stmt"/>
          <line num="61" count="3" type="stmt"/>
          <line num="70" count="3" type="cond" truecount="2" falsecount="0"/>
          <line num="71" count="1" type="stmt"/>
          <line num="72" count="2" type="cond" truecount="2" falsecount="0"/>
          <line num="73" count="1" type="stmt"/>
          <line num="74" count="1" type="stmt"/>
          <line num="78" count="1" type="stmt"/>
          <line num="83" count="3" type="stmt"/>
          <line num="89" count="3" type="cond" truecount="2" falsecount="0"/>
          <line num="90" count="1" type="stmt"/>
          <line num="91" count="2" type="cond" truecount="2" falsecount="0"/>
          <line num="92" count="1" type="stmt"/>
          <line num="93" count="1" type="stmt"/>
          <line num="95" count="1" type="cond" truecount="1" falsecount="1"/>
          <line num="96" count="1" type="stmt"/>
          <line num="99" count="0" type="stmt"/>
          <line num="104" count="3" type="stmt"/>
          <line num="114" count="3" type="cond" truecount="2" falsecount="0"/>
          <line num="115" count="1" type="stmt"/>
          <line num="116" count="2" type="cond" truecount="2" falsecount="0"/>
          <line num="117" count="1" type="stmt"/>
          <line num="118" count="1" type="stmt"/>
          <line num="120" count="1" type="cond" truecount="1" falsecount="1"/>
          <line num="121" count="1" type="stmt"/>
          <line num="124" count="0" type="stmt"/>
          <line num="129" count="3" type="stmt"/>
          <line num="139" count="3" type="cond" truecount="2" falsecount="0"/>
          <line num="140" count="1" type="stmt"/>
          <line num="141" count="2" type="cond" truecount="2" falsecount="0"/>
          <line num="142" count="1" type="stmt"/>
          <line num="143" count="1" type="stmt"/>
          <line num="145" count="1" type="cond" truecount="1" falsecount="1"/>
          <line num="146" count="1" type="stmt"/>
          <line num="149" count="0" type="stmt"/>
          <line num="154" count="3" type="stmt"/>
          <line num="163" count="3" type="cond" truecount="2" falsecount="0"/>
          <line num="164" count="1" type="stmt"/>
          <line num="165" count="2" type="cond" truecount="2" falsecount="0"/>
          <line num="166" count="1" type="stmt"/>
          <line num="167" count="1" type="stmt"/>
          <line num="169" count="1" type="cond" truecount="1" falsecount="1"/>
          <line num="170" count="1" type="stmt"/>
          <line num="173" count="0" type="stmt"/>
          <line num="178" count="3" type="stmt"/>
          <line num="186" count="3" type="cond" truecount="2" falsecount="0"/>
          <line num="187" count="1" type="stmt"/>
          <line num="188" count="2" type="cond" truecount="2" falsecount="0"/>
          <line num="189" count="1" type="stmt"/>
          <line num="190" count="1" type="stmt"/>
          <line num="192" count="1" type="cond" truecount="1" falsecount="1"/>
          <line num="193" count="1" type="stmt"/>
          <line num="196" count="0" type="stmt"/>
          <line num="201" count="3" type="stmt"/>
          <line num="210" count="3" type="cond" truecount="2" falsecount="0"/>
          <line num="211" count="1" type="stmt"/>
          <line num="212" count="2" type="cond" truecount="2" falsecount="0"/>
          <line num="213" count="1" type="stmt"/>
          <line num="214" count="1" type="stmt"/>
          <line num="216" count="1" type="cond" truecount="1" falsecount="1"/>
          <line num="217" count="1" type="stmt"/>
          <line num="220" count="0" type="stmt"/>
          <line num="225" count="3" type="stmt"/>
          <line num="230" count="1" type="cond" truecount="1" falsecount="1"/>
          <line num="231" count="1" type="stmt"/>
          <line num="234" count="0" type="stmt"/>
        </file>
        <file name="errors.js" path="/Users/bartoszadamczyk/Projects/aktualne/mock-office/src/lib/gui/modules/mock-office-service/lib/errors.js">
          <metrics statements="4" coveredstatements="4" conditionals="0" coveredconditionals="0" methods="4" coveredmethods="4"/>
          <line num="3" count="18" type="stmt"/>
          <line num="9" count="1" type="stmt"/>
          <line num="15" count="2" type="stmt"/>
          <line num="23" count="6" type="stmt"/>
        </file>
        <file name="index.js" path="/Users/bartoszadamczyk/Projects/aktualne/mock-office/src/lib/gui/modules/mock-office-service/lib/index.js">
          <metrics statements="0" coveredstatements="0" conditionals="0" coveredconditionals="0" methods="0" coveredmethods="0"/>
        </file>
      </package>
      <package name="src.lib.gui.modules.notifications">
        <metrics statements="0" coveredstatements="0" conditionals="0" coveredconditionals="0" methods="0" coveredmethods="0"/>
        <file name="index.js" path="/Users/bartoszadamczyk/Projects/aktualne/mock-office/src/lib/gui/modules/notifications/index.js">
          <metrics statements="0" coveredstatements="0" conditionals="0" coveredconditionals="0" methods="0" coveredmethods="0"/>
        </file>
      </package>
      <package name="src.lib.gui.modules.notifications.lib">
        <metrics statements="63" coveredstatements="55" conditionals="15" coveredconditionals="9" methods="28" coveredmethods="21"/>
        <file name="Notification.js" path="/Users/bartoszadamczyk/Projects/aktualne/mock-office/src/lib/gui/modules/notifications/lib/Notification.js">
          <metrics statements="6" coveredstatements="5" conditionals="4" coveredconditionals="3" methods="3" coveredmethods="1"/>
          <line num="4" count="2" type="stmt"/>
          <line num="5" count="1" type="cond" truecount="1" falsecount="1"/>
          <line num="7" count="1" type="stmt"/>
          <line num="16" count="0" type="stmt"/>
          <line num="29" count="2" type="stmt"/>
          <line num="37" count="2" type="stmt"/>
        </file>
        <file name="Notifications.js" path="/Users/bartoszadamczyk/Projects/aktualne/mock-office/src/lib/gui/modules/notifications/lib/Notifications.js">
          <metrics statements="11" coveredstatements="5" conditionals="2" coveredconditionals="0" methods="5" coveredmethods="2"/>
          <line num="7" count="0" type="stmt"/>
          <line num="8" count="0" type="stmt"/>
          <line num="10" count="0" type="stmt"/>
          <line num="11" count="0" type="cond" truecount="0" falsecount="2"/>
          <line num="12" count="0" type="stmt"/>
          <line num="14" count="0" type="stmt"/>
          <line num="20" count="2" type="stmt"/>
          <line num="22" count="2" type="stmt"/>
          <line num="27" count="1" type="stmt"/>
          <line num="44" count="1" type="stmt"/>
          <line num="56" count="1" type="stmt"/>
        </file>
        <file name="NotificationsConnect.js" path="/Users/bartoszadamczyk/Projects/aktualne/mock-office/src/lib/gui/modules/notifications/lib/NotificationsConnect.js">
          <metrics statements="2" coveredstatements="2" conditionals="0" coveredconditionals="0" methods="1" coveredmethods="0"/>
          <line num="6" count="1" type="stmt"/>
          <line num="9" count="1" type="stmt"/>
        </file>
        <file name="actions.js" path="/Users/bartoszadamczyk/Projects/aktualne/mock-office/src/lib/gui/modules/notifications/lib/actions.js">
          <metrics statements="10" coveredstatements="10" conditionals="0" coveredconditionals="0" methods="5" coveredmethods="4"/>
          <line num="1" count="3" type="stmt"/>
          <line num="2" count="3" type="stmt"/>
          <line num="6" count="3" type="stmt"/>
          <line num="7" count="3" type="stmt"/>
          <line num="12" count="3" type="stmt"/>
          <line num="13" count="3" type="stmt"/>
          <line num="17" count="3" type="stmt"/>
          <line num="18" count="3" type="stmt"/>
          <line num="22" count="3" type="stmt"/>
          <line num="23" count="3" type="stmt"/>
        </file>
        <file name="createClearExpiredNotificationsEpic.js" path="/Users/bartoszadamczyk/Projects/aktualne/mock-office/src/lib/gui/modules/notifications/lib/createClearExpiredNotificationsEpic.js">
          <metrics statements="8" coveredstatements="8" conditionals="1" coveredconditionals="0" methods="7" coveredmethods="7"/>
          <line num="3" count="2" type="stmt"/>
          <line num="4" count="2" type="stmt"/>
          <line num="5" count="1" type="stmt"/>
          <line num="6" count="1" type="stmt"/>
          <line num="10" count="1" type="cond" truecount="0" falsecount="1"/>
          <line num="11" count="1" type="stmt"/>
          <line num="12" count="1" type="stmt"/>
          <line num="13" count="1" type="stmt"/>
        </file>
        <file name="createReducer.js" path="/Users/bartoszadamczyk/Projects/aktualne/mock-office/src/lib/gui/modules/notifications/lib/createReducer.js">
          <metrics statements="22" coveredstatements="21" conditionals="8" coveredconditionals="6" methods="5" coveredmethods="5"/>
          <line num="4" count="3" type="stmt"/>
          <line num="10" count="2" type="stmt"/>
          <line num="16" count="2" type="stmt"/>
          <line num="18" count="2" type="stmt"/>
          <line num="21" count="2" type="stmt"/>
          <line num="23" count="2" type="stmt"/>
          <line num="27" count="3" type="stmt"/>
          <line num="28" count="3" type="stmt"/>
          <line num="29" count="2" type="stmt"/>
          <line num="31" count="3" type="stmt"/>
          <line num="32" count="3" type="stmt"/>
          <line num="33" count="3" type="stmt"/>
          <line num="37" count="3" type="stmt"/>
          <line num="40" count="3" type="stmt"/>
          <line num="41" count="1" type="cond" truecount="1" falsecount="0"/>
          <line num="42" count="7" type="stmt"/>
          <line num="44" count="7" type="cond" truecount="1" falsecount="1"/>
          <line num="45" count="0" type="stmt"/>
          <line num="48" count="7" type="cond" truecount="4" falsecount="1"/>
          <line num="50" count="1" type="stmt"/>
          <line num="55" count="2" type="stmt"/>
          <line num="58" count="4" type="stmt"/>
        </file>
        <file name="selectors.js" path="/Users/bartoszadamczyk/Projects/aktualne/mock-office/src/lib/gui/modules/notifications/lib/selectors.js">
          <metrics statements="4" coveredstatements="4" conditionals="0" coveredconditionals="0" methods="2" coveredmethods="2"/>
          <line num="2" count="3" type="stmt"/>
          <line num="3" count="2" type="stmt"/>
          <line num="4" count="2" type="stmt"/>
          <line num="6" count="2" type="stmt"/>
        </file>
      </package>
    </metrics>
  </project>
</coverage>
