{"/Users/bartoszadamczyk/Projects/aktualne/mock-office/jest/fetchMock.js": {"path":"/Users/bartoszadamczyk/Projects/aktualne/mock-office/jest/fetchMock.js","statementMap":{"0":{"start":{"line":1,"column":0},"end":{"line":1,"column":42}}},"fnMap":{},"branchMap":{},"s":{"0":8},"f":{},"b":{},"_coverageSchema":"332fd63041d2c1bcb487cc26dd0d5f7d97098a6c","hash":"24b5ad90500432450d3ab7bcb505239eaf67f239"}
,"/Users/bartoszadamczyk/Projects/aktualne/mock-office/jest/rxSetup.js": {"path":"/Users/bartoszadamczyk/Projects/aktualne/mock-office/jest/rxSetup.js","statementMap":{},"fnMap":{},"branchMap":{},"s":{},"f":{},"b":{},"_coverageSchema":"332fd63041d2c1bcb487cc26dd0d5f7d97098a6c","hash":"f7e7867c4ed50ad9a3a98a8d196eaa9fc729da03"}
,"/Users/bartoszadamczyk/Projects/aktualne/mock-office/src/lib/app/eventLog.js": {"path":"/Users/bartoszadamczyk/Projects/aktualne/mock-office/src/lib/app/eventLog.js","statementMap":{"0":{"start":{"line":3,"column":17},"end":{"line":3,"column":35}},"1":{"start":{"line":4,"column":19},"end":{"line":4,"column":47}},"2":{"start":{"line":5,"column":18},"end":{"line":5,"column":44}}},"fnMap":{},"branchMap":{},"s":{"0":2,"1":2,"2":2},"f":{},"b":{},"_coverageSchema":"332fd63041d2c1bcb487cc26dd0d5f7d97098a6c","hash":"b288fb55c8fac7c359a1b141d97e4978d1981147"}
,"/Users/bartoszadamczyk/Projects/aktualne/mock-office/src/lib/app/codex/Behaviour.js": {"path":"/Users/bartoszadamczyk/Projects/aktualne/mock-office/src/lib/app/codex/Behaviour.js","statementMap":{"0":{"start":{"line":8,"column":4},"end":{"line":8,"column":29}},"1":{"start":{"line":9,"column":4},"end":{"line":9,"column":67}},"2":{"start":{"line":10,"column":4},"end":{"line":10,"column":23}},"3":{"start":{"line":11,"column":4},"end":{"line":11,"column":51}},"4":{"start":{"line":12,"column":4},"end":{"line":12,"column":24}},"5":{"start":{"line":13,"column":4},"end":{"line":13,"column":24}},"6":{"start":{"line":14,"column":4},"end":{"line":16,"column":7}},"7":{"start":{"line":15,"column":6},"end":{"line":15,"column":69}},"8":{"start":{"line":17,"column":4},"end":{"line":17,"column":31}},"9":{"start":{"line":18,"column":4},"end":{"line":18,"column":29}},"10":{"start":{"line":24,"column":4},"end":{"line":24,"column":33}},"11":{"start":{"line":30,"column":4},"end":{"line":32,"column":5}},"12":{"start":{"line":31,"column":6},"end":{"line":31,"column":13}},"13":{"start":{"line":34,"column":4},"end":{"line":34,"column":45}},"14":{"start":{"line":36,"column":4},"end":{"line":40,"column":7}},"15":{"start":{"line":42,"column":33},"end":{"line":42,"column":34}},"16":{"start":{"line":43,"column":30},"end":{"line":57,"column":5}},"17":{"start":{"line":43,"column":36},"end":{"line":57,"column":5}},"18":{"start":{"line":44,"column":6},"end":{"line":44,"column":34}},"19":{"start":{"line":46,"column":6},"end":{"line":47,"column":36}},"20":{"start":{"line":47,"column":22},"end":{"line":47,"column":34}},"21":{"start":{"line":48,"column":6},"end":{"line":56,"column":7}},"22":{"start":{"line":49,"column":8},"end":{"line":49,"column":50}},"23":{"start":{"line":51,"column":8},"end":{"line":55,"column":11}},"24":{"start":{"line":59,"column":4},"end":{"line":62,"column":8}},"25":{"start":{"line":59,"column":53},"end":{"line":62,"column":5}},"26":{"start":{"line":63,"column":4},"end":{"line":63,"column":25}},"27":{"start":{"line":68,"column":4},"end":{"line":77,"column":5}},"28":{"start":{"line":69,"column":6},"end":{"line":69,"column":55}},"29":{"start":{"line":69,"column":42},"end":{"line":69,"column":53}},"30":{"start":{"line":70,"column":6},"end":{"line":70,"column":49}},"31":{"start":{"line":72,"column":6},"end":{"line":76,"column":9}},"32":{"start":{"line":81,"column":0},"end":{"line":86,"column":2}}},"fnMap":{"0":{"name":"(anonymous_0)","decl":{"start":{"line":7,"column":2},"end":{"line":7,"column":3}},"loc":{"start":{"line":7,"column":32},"end":{"line":19,"column":3}},"line":7},"1":{"name":"(anonymous_1)","decl":{"start":{"line":14,"column":29},"end":{"line":14,"column":30}},"loc":{"start":{"line":14,"column":46},"end":{"line":16,"column":5}},"line":14},"2":{"name":"(anonymous_2)","decl":{"start":{"line":23,"column":2},"end":{"line":23,"column":3}},"loc":{"start":{"line":23,"column":26},"end":{"line":25,"column":3}},"line":23},"3":{"name":"(anonymous_3)","decl":{"start":{"line":29,"column":2},"end":{"line":29,"column":3}},"loc":{"start":{"line":29,"column":12},"end":{"line":64,"column":3}},"line":29},"4":{"name":"(anonymous_4)","decl":{"start":{"line":43,"column":30},"end":{"line":43,"column":31}},"loc":{"start":{"line":43,"column":36},"end":{"line":57,"column":5}},"line":43},"5":{"name":"(anonymous_5)","decl":{"start":{"line":43,"column":36},"end":{"line":43,"column":37}},"loc":{"start":{"line":43,"column":42},"end":{"line":57,"column":5}},"line":43},"6":{"name":"(anonymous_6)","decl":{"start":{"line":47,"column":16},"end":{"line":47,"column":17}},"loc":{"start":{"line":47,"column":22},"end":{"line":47,"column":34}},"line":47},"7":{"name":"(anonymous_7)","decl":{"start":{"line":59,"column":47},"end":{"line":59,"column":48}},"loc":{"start":{"line":59,"column":53},"end":{"line":62,"column":5}},"line":59},"8":{"name":"(anonymous_8)","decl":{"start":{"line":67,"column":2},"end":{"line":67,"column":3}},"loc":{"start":{"line":67,"column":11},"end":{"line":78,"column":3}},"line":67},"9":{"name":"(anonymous_9)","decl":{"start":{"line":69,"column":36},"end":{"line":69,"column":37}},"loc":{"start":{"line":69,"column":42},"end":{"line":69,"column":53}},"line":69}},"branchMap":{"0":{"loc":{"start":{"line":11,"column":25},"end":{"line":11,"column":50}},"type":"binary-expr","locations":[{"start":{"line":11,"column":25},"end":{"line":11,"column":45}},{"start":{"line":11,"column":49},"end":{"line":11,"column":50}}],"line":11},"1":{"loc":{"start":{"line":30,"column":4},"end":{"line":32,"column":5}},"type":"if","locations":[{"start":{"line":30,"column":4},"end":{"line":32,"column":5}},{"start":{"line":30,"column":4},"end":{"line":32,"column":5}}],"line":30},"2":{"loc":{"start":{"line":48,"column":6},"end":{"line":56,"column":7}},"type":"if","locations":[{"start":{"line":48,"column":6},"end":{"line":56,"column":7}},{"start":{"line":48,"column":6},"end":{"line":56,"column":7}}],"line":48},"3":{"loc":{"start":{"line":68,"column":4},"end":{"line":77,"column":5}},"type":"if","locations":[{"start":{"line":68,"column":4},"end":{"line":77,"column":5}},{"start":{"line":68,"column":4},"end":{"line":77,"column":5}}],"line":68}},"s":{"0":1,"1":1,"2":1,"3":1,"4":1,"5":1,"6":1,"7":1,"8":1,"9":1,"10":1,"11":1,"12":0,"13":1,"14":1,"15":1,"16":1,"17":1,"18":1,"19":1,"20":1,"21":1,"22":1,"23":1,"24":1,"25":1,"26":1,"27":0,"28":0,"29":0,"30":0,"31":0,"32":1},"f":{"0":1,"1":1,"2":1,"3":1,"4":1,"5":1,"6":1,"7":1,"8":0,"9":0},"b":{"0":[1,1],"1":[0,1],"2":[1,0],"3":[0,0]},"_coverageSchema":"332fd63041d2c1bcb487cc26dd0d5f7d97098a6c","hash":"f1e5cb481277ea8b53f70db0b5efb358c55377ba"}
,"/Users/bartoszadamczyk/Projects/aktualne/mock-office/src/lib/app/codex/Event.js": {"path":"/Users/bartoszadamczyk/Projects/aktualne/mock-office/src/lib/app/codex/Event.js","statementMap":{"0":{"start":{"line":3,"column":4},"end":{"line":3,"column":21}},"1":{"start":{"line":4,"column":4},"end":{"line":4,"column":25}}},"fnMap":{"0":{"name":"(anonymous_0)","decl":{"start":{"line":2,"column":2},"end":{"line":2,"column":3}},"loc":{"start":{"line":2,"column":28},"end":{"line":5,"column":3}},"line":2}},"branchMap":{},"s":{"0":1,"1":1},"f":{"0":1},"b":{},"_coverageSchema":"332fd63041d2c1bcb487cc26dd0d5f7d97098a6c","hash":"9a506d2bb499898e11f904c5cac392a71d3c5543"}
,"/Users/bartoszadamczyk/Projects/aktualne/mock-office/src/lib/app/codex/Reaction.js": {"path":"/Users/bartoszadamczyk/Projects/aktualne/mock-office/src/lib/app/codex/Reaction.js","statementMap":{"0":{"start":{"line":7,"column":4},"end":{"line":7,"column":23}},"1":{"start":{"line":8,"column":4},"end":{"line":8,"column":35}},"2":{"start":{"line":9,"column":4},"end":{"line":9,"column":42}},"3":{"start":{"line":10,"column":4},"end":{"line":10,"column":38}},"4":{"start":{"line":11,"column":4},"end":{"line":11,"column":28}},"5":{"start":{"line":12,"column":4},"end":{"line":12,"column":29}},"6":{"start":{"line":17,"column":20},"end":{"line":19,"column":24}},"7":{"start":{"line":21,"column":4},"end":{"line":23,"column":43}},"8":{"start":{"line":25,"column":4},"end":{"line":25,"column":44}},"9":{"start":{"line":27,"column":4},"end":{"line":33,"column":6}},"10":{"start":{"line":35,"column":25},"end":{"line":55,"column":8}},"11":{"start":{"line":37,"column":8},"end":{"line":37,"column":25}},"12":{"start":{"line":41,"column":10},"end":{"line":43,"column":11}},"13":{"start":{"line":42,"column":12},"end":{"line":42,"column":22}},"14":{"start":{"line":45,"column":10},"end":{"line":45,"column":51}},"15":{"start":{"line":47,"column":10},"end":{"line":53,"column":12}},"16":{"start":{"line":57,"column":4},"end":{"line":69,"column":6}},"17":{"start":{"line":58,"column":6},"end":{"line":58,"column":33}},"18":{"start":{"line":60,"column":6},"end":{"line":60,"column":48}},"19":{"start":{"line":62,"column":6},"end":{"line":68,"column":8}},"20":{"start":{"line":79,"column":0},"end":{"line":84,"column":2}}},"fnMap":{"0":{"name":"(anonymous_0)","decl":{"start":{"line":6,"column":2},"end":{"line":6,"column":3}},"loc":{"start":{"line":6,"column":35},"end":{"line":13,"column":3}},"line":6},"1":{"name":"(anonymous_1)","decl":{"start":{"line":16,"column":2},"end":{"line":16,"column":3}},"loc":{"start":{"line":16,"column":19},"end":{"line":70,"column":3}},"line":16},"2":{"name":"(anonymous_2)","decl":{"start":{"line":36,"column":10},"end":{"line":36,"column":11}},"loc":{"start":{"line":36,"column":16},"end":{"line":38,"column":7}},"line":36},"3":{"name":"(anonymous_3)","decl":{"start":{"line":40,"column":18},"end":{"line":40,"column":19}},"loc":{"start":{"line":40,"column":24},"end":{"line":54,"column":9}},"line":40},"4":{"name":"(anonymous_4)","decl":{"start":{"line":57,"column":11},"end":{"line":57,"column":12}},"loc":{"start":{"line":57,"column":17},"end":{"line":69,"column":5}},"line":57},"5":{"name":"(anonymous_5)","decl":{"start":{"line":75,"column":2},"end":{"line":75,"column":3}},"loc":{"start":{"line":75,"column":14},"end":{"line":75,"column":16}},"line":75}},"branchMap":{"0":{"loc":{"start":{"line":9,"column":20},"end":{"line":9,"column":41}},"type":"binary-expr","locations":[{"start":{"line":9,"column":20},"end":{"line":9,"column":35}},{"start":{"line":9,"column":39},"end":{"line":9,"column":41}}],"line":9},"1":{"loc":{"start":{"line":10,"column":18},"end":{"line":10,"column":37}},"type":"binary-expr","locations":[{"start":{"line":10,"column":18},"end":{"line":10,"column":31}},{"start":{"line":10,"column":35},"end":{"line":10,"column":37}}],"line":10},"2":{"loc":{"start":{"line":17,"column":20},"end":{"line":19,"column":24}},"type":"cond-expr","locations":[{"start":{"line":18,"column":8},"end":{"line":18,"column":51}},{"start":{"line":19,"column":8},"end":{"line":19,"column":24}}],"line":17},"3":{"loc":{"start":{"line":21,"column":16},"end":{"line":23,"column":42}},"type":"cond-expr","locations":[{"start":{"line":22,"column":6},"end":{"line":22,"column":63}},{"start":{"line":23,"column":6},"end":{"line":23,"column":42}}],"line":21},"4":{"loc":{"start":{"line":41,"column":10},"end":{"line":43,"column":11}},"type":"if","locations":[{"start":{"line":41,"column":10},"end":{"line":43,"column":11}},{"start":{"line":41,"column":10},"end":{"line":43,"column":11}}],"line":41}},"s":{"0":7,"1":7,"2":7,"3":7,"4":7,"5":7,"6":7,"7":7,"8":7,"9":7,"10":7,"11":14,"12":4,"13":1,"14":4,"15":4,"16":7,"17":1,"18":1,"19":1,"20":2},"f":{"0":7,"1":7,"2":14,"3":4,"4":1,"5":1},"b":{"0":[7,2],"1":[7,7],"2":[2,5],"3":[4,3],"4":[1,3]},"_coverageSchema":"332fd63041d2c1bcb487cc26dd0d5f7d97098a6c","hash":"a5c8d9f40edadbdaaa192f88be38a53ef38d4b7c"}
,"/Users/bartoszadamczyk/Projects/aktualne/mock-office/src/lib/gui/modules/mock-office-service/lib/MockOfficeService.js": {"path":"/Users/bartoszadamczyk/Projects/aktualne/mock-office/src/lib/gui/modules/mock-office-service/lib/MockOfficeService.js","statementMap":{"0":{"start":{"line":11,"column":4},"end":{"line":13,"column":5}},"1":{"start":{"line":12,"column":6},"end":{"line":12,"column":48}},"2":{"start":{"line":15,"column":4},"end":{"line":15,"column":21}},"3":{"start":{"line":16,"column":4},"end":{"line":16,"column":45}},"4":{"start":{"line":20,"column":4},"end":{"line":32,"column":9}},"5":{"start":{"line":22,"column":8},"end":{"line":22,"column":36}},"6":{"start":{"line":25,"column":8},"end":{"line":29,"column":9}},"7":{"start":{"line":26,"column":10},"end":{"line":28,"column":13}},"8":{"start":{"line":27,"column":12},"end":{"line":27,"column":41}},"9":{"start":{"line":31,"column":8},"end":{"line":31,"column":19}},"10":{"start":{"line":36,"column":4},"end":{"line":57,"column":9}},"11":{"start":{"line":48,"column":8},"end":{"line":54,"column":9}},"12":{"start":{"line":49,"column":10},"end":{"line":49,"column":28}},"13":{"start":{"line":50,"column":15},"end":{"line":54,"column":9}},"14":{"start":{"line":51,"column":10},"end":{"line":53,"column":13}},"15":{"start":{"line":52,"column":12},"end":{"line":52,"column":49}},"16":{"start":{"line":56,"column":8},"end":{"line":56,"column":53}},"17":{"start":{"line":61,"column":4},"end":{"line":79,"column":9}},"18":{"start":{"line":70,"column":8},"end":{"line":76,"column":9}},"19":{"start":{"line":71,"column":10},"end":{"line":71,"column":28}},"20":{"start":{"line":72,"column":15},"end":{"line":76,"column":9}},"21":{"start":{"line":73,"column":10},"end":{"line":75,"column":13}},"22":{"start":{"line":74,"column":12},"end":{"line":74,"column":49}},"23":{"start":{"line":78,"column":8},"end":{"line":78,"column":53}},"24":{"start":{"line":83,"column":4},"end":{"line":100,"column":9}},"25":{"start":{"line":89,"column":8},"end":{"line":97,"column":9}},"26":{"start":{"line":90,"column":10},"end":{"line":90,"column":28}},"27":{"start":{"line":91,"column":15},"end":{"line":97,"column":9}},"28":{"start":{"line":92,"column":10},"end":{"line":94,"column":13}},"29":{"start":{"line":93,"column":12},"end":{"line":93,"column":49}},"30":{"start":{"line":95,"column":15},"end":{"line":97,"column":9}},"31":{"start":{"line":96,"column":10},"end":{"line":96,"column":55}},"32":{"start":{"line":99,"column":8},"end":{"line":99,"column":53}},"33":{"start":{"line":104,"column":4},"end":{"line":125,"column":9}},"34":{"start":{"line":114,"column":8},"end":{"line":122,"column":9}},"35":{"start":{"line":115,"column":10},"end":{"line":115,"column":35}},"36":{"start":{"line":116,"column":15},"end":{"line":122,"column":9}},"37":{"start":{"line":117,"column":10},"end":{"line":119,"column":13}},"38":{"start":{"line":118,"column":12},"end":{"line":118,"column":49}},"39":{"start":{"line":120,"column":15},"end":{"line":122,"column":9}},"40":{"start":{"line":121,"column":10},"end":{"line":121,"column":52}},"41":{"start":{"line":124,"column":8},"end":{"line":124,"column":53}},"42":{"start":{"line":129,"column":4},"end":{"line":150,"column":7}},"43":{"start":{"line":139,"column":6},"end":{"line":147,"column":7}},"44":{"start":{"line":140,"column":8},"end":{"line":140,"column":33}},"45":{"start":{"line":141,"column":13},"end":{"line":147,"column":7}},"46":{"start":{"line":142,"column":8},"end":{"line":144,"column":11}},"47":{"start":{"line":143,"column":10},"end":{"line":143,"column":47}},"48":{"start":{"line":145,"column":13},"end":{"line":147,"column":7}},"49":{"start":{"line":146,"column":8},"end":{"line":146,"column":50}},"50":{"start":{"line":149,"column":6},"end":{"line":149,"column":51}},"51":{"start":{"line":154,"column":4},"end":{"line":174,"column":9}},"52":{"start":{"line":163,"column":8},"end":{"line":171,"column":9}},"53":{"start":{"line":164,"column":10},"end":{"line":164,"column":35}},"54":{"start":{"line":165,"column":15},"end":{"line":171,"column":9}},"55":{"start":{"line":166,"column":10},"end":{"line":168,"column":13}},"56":{"start":{"line":167,"column":12},"end":{"line":167,"column":51}},"57":{"start":{"line":169,"column":15},"end":{"line":171,"column":9}},"58":{"start":{"line":170,"column":10},"end":{"line":170,"column":52}},"59":{"start":{"line":173,"column":8},"end":{"line":173,"column":53}},"60":{"start":{"line":178,"column":4},"end":{"line":197,"column":9}},"61":{"start":{"line":186,"column":8},"end":{"line":194,"column":9}},"62":{"start":{"line":187,"column":10},"end":{"line":187,"column":28}},"63":{"start":{"line":188,"column":15},"end":{"line":194,"column":9}},"64":{"start":{"line":189,"column":10},"end":{"line":191,"column":13}},"65":{"start":{"line":190,"column":12},"end":{"line":190,"column":51}},"66":{"start":{"line":192,"column":15},"end":{"line":194,"column":9}},"67":{"start":{"line":193,"column":10},"end":{"line":193,"column":52}},"68":{"start":{"line":196,"column":8},"end":{"line":196,"column":53}},"69":{"start":{"line":201,"column":4},"end":{"line":221,"column":9}},"70":{"start":{"line":210,"column":8},"end":{"line":218,"column":9}},"71":{"start":{"line":211,"column":10},"end":{"line":211,"column":35}},"72":{"start":{"line":212,"column":15},"end":{"line":218,"column":9}},"73":{"start":{"line":213,"column":10},"end":{"line":215,"column":13}},"74":{"start":{"line":214,"column":12},"end":{"line":214,"column":51}},"75":{"start":{"line":216,"column":15},"end":{"line":218,"column":9}},"76":{"start":{"line":217,"column":10},"end":{"line":217,"column":55}},"77":{"start":{"line":220,"column":8},"end":{"line":220,"column":53}},"78":{"start":{"line":225,"column":4},"end":{"line":235,"column":7}},"79":{"start":{"line":230,"column":6},"end":{"line":232,"column":7}},"80":{"start":{"line":231,"column":8},"end":{"line":231,"column":26}},"81":{"start":{"line":234,"column":6},"end":{"line":234,"column":51}}},"fnMap":{"0":{"name":"(anonymous_0)","decl":{"start":{"line":10,"column":2},"end":{"line":10,"column":3}},"loc":{"start":{"line":10,"column":20},"end":{"line":17,"column":3}},"line":10},"1":{"name":"(anonymous_1)","decl":{"start":{"line":19,"column":2},"end":{"line":19,"column":3}},"loc":{"start":{"line":19,"column":24},"end":{"line":33,"column":3}},"line":19},"2":{"name":"(anonymous_2)","decl":{"start":{"line":21,"column":13},"end":{"line":21,"column":14}},"loc":{"start":{"line":21,"column":19},"end":{"line":23,"column":7}},"line":21},"3":{"name":"(anonymous_3)","decl":{"start":{"line":24,"column":12},"end":{"line":24,"column":13}},"loc":{"start":{"line":24,"column":21},"end":{"line":32,"column":7}},"line":24},"4":{"name":"(anonymous_4)","decl":{"start":{"line":26,"column":33},"end":{"line":26,"column":34}},"loc":{"start":{"line":26,"column":48},"end":{"line":28,"column":11}},"line":26},"5":{"name":"(anonymous_5)","decl":{"start":{"line":35,"column":2},"end":{"line":35,"column":3}},"loc":{"start":{"line":35,"column":20},"end":{"line":58,"column":3}},"line":35},"6":{"name":"(anonymous_6)","decl":{"start":{"line":47,"column":12},"end":{"line":47,"column":13}},"loc":{"start":{"line":47,"column":21},"end":{"line":57,"column":7}},"line":47},"7":{"name":"(anonymous_7)","decl":{"start":{"line":51,"column":33},"end":{"line":51,"column":34}},"loc":{"start":{"line":51,"column":48},"end":{"line":53,"column":11}},"line":51},"8":{"name":"(anonymous_8)","decl":{"start":{"line":60,"column":2},"end":{"line":60,"column":3}},"loc":{"start":{"line":60,"column":36},"end":{"line":80,"column":3}},"line":60},"9":{"name":"(anonymous_9)","decl":{"start":{"line":69,"column":12},"end":{"line":69,"column":13}},"loc":{"start":{"line":69,"column":21},"end":{"line":79,"column":7}},"line":69},"10":{"name":"(anonymous_10)","decl":{"start":{"line":73,"column":33},"end":{"line":73,"column":34}},"loc":{"start":{"line":73,"column":48},"end":{"line":75,"column":11}},"line":73},"11":{"name":"(anonymous_11)","decl":{"start":{"line":82,"column":2},"end":{"line":82,"column":3}},"loc":{"start":{"line":82,"column":38},"end":{"line":101,"column":3}},"line":82},"12":{"name":"(anonymous_12)","decl":{"start":{"line":88,"column":12},"end":{"line":88,"column":13}},"loc":{"start":{"line":88,"column":21},"end":{"line":100,"column":7}},"line":88},"13":{"name":"(anonymous_13)","decl":{"start":{"line":92,"column":33},"end":{"line":92,"column":34}},"loc":{"start":{"line":92,"column":48},"end":{"line":94,"column":11}},"line":92},"14":{"name":"(anonymous_14)","decl":{"start":{"line":103,"column":2},"end":{"line":103,"column":3}},"loc":{"start":{"line":103,"column":18},"end":{"line":126,"column":3}},"line":103},"15":{"name":"(anonymous_15)","decl":{"start":{"line":113,"column":12},"end":{"line":113,"column":13}},"loc":{"start":{"line":113,"column":21},"end":{"line":125,"column":7}},"line":113},"16":{"name":"(anonymous_16)","decl":{"start":{"line":117,"column":33},"end":{"line":117,"column":34}},"loc":{"start":{"line":117,"column":48},"end":{"line":119,"column":11}},"line":117},"17":{"name":"(anonymous_17)","decl":{"start":{"line":128,"column":2},"end":{"line":128,"column":3}},"loc":{"start":{"line":128,"column":17},"end":{"line":151,"column":3}},"line":128},"18":{"name":"(anonymous_18)","decl":{"start":{"line":138,"column":10},"end":{"line":138,"column":11}},"loc":{"start":{"line":138,"column":19},"end":{"line":150,"column":5}},"line":138},"19":{"name":"(anonymous_19)","decl":{"start":{"line":142,"column":31},"end":{"line":142,"column":32}},"loc":{"start":{"line":142,"column":46},"end":{"line":144,"column":9}},"line":142},"20":{"name":"(anonymous_20)","decl":{"start":{"line":153,"column":2},"end":{"line":153,"column":3}},"loc":{"start":{"line":153,"column":19},"end":{"line":175,"column":3}},"line":153},"21":{"name":"(anonymous_21)","decl":{"start":{"line":162,"column":12},"end":{"line":162,"column":13}},"loc":{"start":{"line":162,"column":21},"end":{"line":174,"column":7}},"line":162},"22":{"name":"(anonymous_22)","decl":{"start":{"line":166,"column":33},"end":{"line":166,"column":34}},"loc":{"start":{"line":166,"column":50},"end":{"line":168,"column":11}},"line":166},"23":{"name":"(anonymous_23)","decl":{"start":{"line":177,"column":2},"end":{"line":177,"column":3}},"loc":{"start":{"line":177,"column":31},"end":{"line":198,"column":3}},"line":177},"24":{"name":"(anonymous_24)","decl":{"start":{"line":185,"column":12},"end":{"line":185,"column":13}},"loc":{"start":{"line":185,"column":21},"end":{"line":197,"column":7}},"line":185},"25":{"name":"(anonymous_25)","decl":{"start":{"line":189,"column":33},"end":{"line":189,"column":34}},"loc":{"start":{"line":189,"column":50},"end":{"line":191,"column":11}},"line":189},"26":{"name":"(anonymous_26)","decl":{"start":{"line":200,"column":2},"end":{"line":200,"column":3}},"loc":{"start":{"line":200,"column":41},"end":{"line":222,"column":3}},"line":200},"27":{"name":"(anonymous_27)","decl":{"start":{"line":209,"column":12},"end":{"line":209,"column":13}},"loc":{"start":{"line":209,"column":21},"end":{"line":221,"column":7}},"line":209},"28":{"name":"(anonymous_28)","decl":{"start":{"line":213,"column":33},"end":{"line":213,"column":34}},"loc":{"start":{"line":213,"column":50},"end":{"line":215,"column":11}},"line":213},"29":{"name":"(anonymous_29)","decl":{"start":{"line":224,"column":2},"end":{"line":224,"column":3}},"loc":{"start":{"line":224,"column":13},"end":{"line":236,"column":3}},"line":224},"30":{"name":"(anonymous_30)","decl":{"start":{"line":229,"column":10},"end":{"line":229,"column":11}},"loc":{"start":{"line":229,"column":19},"end":{"line":235,"column":5}},"line":229}},"branchMap":{"0":{"loc":{"start":{"line":11,"column":4},"end":{"line":13,"column":5}},"type":"if","locations":[{"start":{"line":11,"column":4},"end":{"line":13,"column":5}},{"start":{"line":11,"column":4},"end":{"line":13,"column":5}}],"line":11},"1":{"loc":{"start":{"line":25,"column":8},"end":{"line":29,"column":9}},"type":"if","locations":[{"start":{"line":25,"column":8},"end":{"line":29,"column":9}},{"start":{"line":25,"column":8},"end":{"line":29,"column":9}}],"line":25},"2":{"loc":{"start":{"line":48,"column":8},"end":{"line":54,"column":9}},"type":"if","locations":[{"start":{"line":48,"column":8},"end":{"line":54,"column":9}},{"start":{"line":48,"column":8},"end":{"line":54,"column":9}}],"line":48},"3":{"loc":{"start":{"line":50,"column":15},"end":{"line":54,"column":9}},"type":"if","locations":[{"start":{"line":50,"column":15},"end":{"line":54,"column":9}},{"start":{"line":50,"column":15},"end":{"line":54,"column":9}}],"line":50},"4":{"loc":{"start":{"line":70,"column":8},"end":{"line":76,"column":9}},"type":"if","locations":[{"start":{"line":70,"column":8},"end":{"line":76,"column":9}},{"start":{"line":70,"column":8},"end":{"line":76,"column":9}}],"line":70},"5":{"loc":{"start":{"line":72,"column":15},"end":{"line":76,"column":9}},"type":"if","locations":[{"start":{"line":72,"column":15},"end":{"line":76,"column":9}},{"start":{"line":72,"column":15},"end":{"line":76,"column":9}}],"line":72},"6":{"loc":{"start":{"line":89,"column":8},"end":{"line":97,"column":9}},"type":"if","locations":[{"start":{"line":89,"column":8},"end":{"line":97,"column":9}},{"start":{"line":89,"column":8},"end":{"line":97,"column":9}}],"line":89},"7":{"loc":{"start":{"line":91,"column":15},"end":{"line":97,"column":9}},"type":"if","locations":[{"start":{"line":91,"column":15},"end":{"line":97,"column":9}},{"start":{"line":91,"column":15},"end":{"line":97,"column":9}}],"line":91},"8":{"loc":{"start":{"line":95,"column":15},"end":{"line":97,"column":9}},"type":"if","locations":[{"start":{"line":95,"column":15},"end":{"line":97,"column":9}},{"start":{"line":95,"column":15},"end":{"line":97,"column":9}}],"line":95},"9":{"loc":{"start":{"line":114,"column":8},"end":{"line":122,"column":9}},"type":"if","locations":[{"start":{"line":114,"column":8},"end":{"line":122,"column":9}},{"start":{"line":114,"column":8},"end":{"line":122,"column":9}}],"line":114},"10":{"loc":{"start":{"line":116,"column":15},"end":{"line":122,"column":9}},"type":"if","locations":[{"start":{"line":116,"column":15},"end":{"line":122,"column":9}},{"start":{"line":116,"column":15},"end":{"line":122,"column":9}}],"line":116},"11":{"loc":{"start":{"line":120,"column":15},"end":{"line":122,"column":9}},"type":"if","locations":[{"start":{"line":120,"column":15},"end":{"line":122,"column":9}},{"start":{"line":120,"column":15},"end":{"line":122,"column":9}}],"line":120},"12":{"loc":{"start":{"line":139,"column":6},"end":{"line":147,"column":7}},"type":"if","locations":[{"start":{"line":139,"column":6},"end":{"line":147,"column":7}},{"start":{"line":139,"column":6},"end":{"line":147,"column":7}}],"line":139},"13":{"loc":{"start":{"line":141,"column":13},"end":{"line":147,"column":7}},"type":"if","locations":[{"start":{"line":141,"column":13},"end":{"line":147,"column":7}},{"start":{"line":141,"column":13},"end":{"line":147,"column":7}}],"line":141},"14":{"loc":{"start":{"line":145,"column":13},"end":{"line":147,"column":7}},"type":"if","locations":[{"start":{"line":145,"column":13},"end":{"line":147,"column":7}},{"start":{"line":145,"column":13},"end":{"line":147,"column":7}}],"line":145},"15":{"loc":{"start":{"line":163,"column":8},"end":{"line":171,"column":9}},"type":"if","locations":[{"start":{"line":163,"column":8},"end":{"line":171,"column":9}},{"start":{"line":163,"column":8},"end":{"line":171,"column":9}}],"line":163},"16":{"loc":{"start":{"line":165,"column":15},"end":{"line":171,"column":9}},"type":"if","locations":[{"start":{"line":165,"column":15},"end":{"line":171,"column":9}},{"start":{"line":165,"column":15},"end":{"line":171,"column":9}}],"line":165},"17":{"loc":{"start":{"line":169,"column":15},"end":{"line":171,"column":9}},"type":"if","locations":[{"start":{"line":169,"column":15},"end":{"line":171,"column":9}},{"start":{"line":169,"column":15},"end":{"line":171,"column":9}}],"line":169},"18":{"loc":{"start":{"line":186,"column":8},"end":{"line":194,"column":9}},"type":"if","locations":[{"start":{"line":186,"column":8},"end":{"line":194,"column":9}},{"start":{"line":186,"column":8},"end":{"line":194,"column":9}}],"line":186},"19":{"loc":{"start":{"line":188,"column":15},"end":{"line":194,"column":9}},"type":"if","locations":[{"start":{"line":188,"column":15},"end":{"line":194,"column":9}},{"start":{"line":188,"column":15},"end":{"line":194,"column":9}}],"line":188},"20":{"loc":{"start":{"line":192,"column":15},"end":{"line":194,"column":9}},"type":"if","locations":[{"start":{"line":192,"column":15},"end":{"line":194,"column":9}},{"start":{"line":192,"column":15},"end":{"line":194,"column":9}}],"line":192},"21":{"loc":{"start":{"line":210,"column":8},"end":{"line":218,"column":9}},"type":"if","locations":[{"start":{"line":210,"column":8},"end":{"line":218,"column":9}},{"start":{"line":210,"column":8},"end":{"line":218,"column":9}}],"line":210},"22":{"loc":{"start":{"line":212,"column":15},"end":{"line":218,"column":9}},"type":"if","locations":[{"start":{"line":212,"column":15},"end":{"line":218,"column":9}},{"start":{"line":212,"column":15},"end":{"line":218,"column":9}}],"line":212},"23":{"loc":{"start":{"line":216,"column":15},"end":{"line":218,"column":9}},"type":"if","locations":[{"start":{"line":216,"column":15},"end":{"line":218,"column":9}},{"start":{"line":216,"column":15},"end":{"line":218,"column":9}}],"line":216},"24":{"loc":{"start":{"line":230,"column":6},"end":{"line":232,"column":7}},"type":"if","locations":[{"start":{"line":230,"column":6},"end":{"line":232,"column":7}},{"start":{"line":230,"column":6},"end":{"line":232,"column":7}}],"line":230}},"s":{"0":27,"1":0,"2":27,"3":27,"4":27,"5":1,"6":26,"7":1,"8":1,"9":25,"10":3,"11":3,"12":1,"13":2,"14":1,"15":1,"16":1,"17":3,"18":3,"19":1,"20":2,"21":1,"22":1,"23":1,"24":3,"25":3,"26":1,"27":2,"28":1,"29":1,"30":1,"31":1,"32":0,"33":3,"34":3,"35":1,"36":2,"37":1,"38":1,"39":1,"40":1,"41":0,"42":3,"43":3,"44":1,"45":2,"46":1,"47":1,"48":1,"49":1,"50":0,"51":3,"52":3,"53":1,"54":2,"55":1,"56":1,"57":1,"58":1,"59":0,"60":3,"61":3,"62":1,"63":2,"64":1,"65":1,"66":1,"67":1,"68":0,"69":3,"70":3,"71":1,"72":2,"73":1,"74":1,"75":1,"76":1,"77":0,"78":3,"79":1,"80":1,"81":0},"f":{"0":27,"1":27,"2":1,"3":26,"4":1,"5":3,"6":3,"7":1,"8":3,"9":3,"10":1,"11":3,"12":3,"13":1,"14":3,"15":3,"16":1,"17":3,"18":3,"19":1,"20":3,"21":3,"22":1,"23":3,"24":3,"25":1,"26":3,"27":3,"28":1,"29":3,"30":1},"b":{"0":[0,27],"1":[1,25],"2":[1,2],"3":[1,1],"4":[1,2],"5":[1,1],"6":[1,2],"7":[1,1],"8":[1,0],"9":[1,2],"10":[1,1],"11":[1,0],"12":[1,2],"13":[1,1],"14":[1,0],"15":[1,2],"16":[1,1],"17":[1,0],"18":[1,2],"19":[1,1],"20":[1,0],"21":[1,2],"22":[1,1],"23":[1,0],"24":[1,0]},"_coverageSchema":"332fd63041d2c1bcb487cc26dd0d5f7d97098a6c","hash":"d5b55f2f1ba3ba7d1f50ed0181f957d8f111b6dc"}
,"/Users/bartoszadamczyk/Projects/aktualne/mock-office/src/lib/gui/modules/mock-office-service/lib/errors.js": {"path":"/Users/bartoszadamczyk/Projects/aktualne/mock-office/src/lib/gui/modules/mock-office-service/lib/errors.js","statementMap":{"0":{"start":{"line":3,"column":4},"end":{"line":3,"column":27}},"1":{"start":{"line":9,"column":4},"end":{"line":9,"column":42}},"2":{"start":{"line":15,"column":4},"end":{"line":15,"column":48}},"3":{"start":{"line":23,"column":4},"end":{"line":23,"column":40}}},"fnMap":{"0":{"name":"(anonymous_0)","decl":{"start":{"line":2,"column":2},"end":{"line":2,"column":3}},"loc":{"start":{"line":2,"column":23},"end":{"line":4,"column":3}},"line":2},"1":{"name":"(anonymous_1)","decl":{"start":{"line":8,"column":2},"end":{"line":8,"column":3}},"loc":{"start":{"line":8,"column":16},"end":{"line":10,"column":3}},"line":8},"2":{"name":"(anonymous_2)","decl":{"start":{"line":14,"column":2},"end":{"line":14,"column":3}},"loc":{"start":{"line":14,"column":16},"end":{"line":16,"column":3}},"line":14},"3":{"name":"(anonymous_3)","decl":{"start":{"line":22,"column":2},"end":{"line":22,"column":3}},"loc":{"start":{"line":22,"column":28},"end":{"line":24,"column":3}},"line":22}},"branchMap":{},"s":{"0":18,"1":1,"2":2,"3":6},"f":{"0":18,"1":1,"2":2,"3":6},"b":{},"_coverageSchema":"332fd63041d2c1bcb487cc26dd0d5f7d97098a6c","hash":"c88beb3df3e8e20c60d03cb028f6de068920f256"}
,"/Users/bartoszadamczyk/Projects/aktualne/mock-office/src/lib/gui/modules/mock-office-service/lib/index.js": {"path":"/Users/bartoszadamczyk/Projects/aktualne/mock-office/src/lib/gui/modules/mock-office-service/lib/index.js","statementMap":{},"fnMap":{},"branchMap":{},"s":{},"f":{},"b":{},"_coverageSchema":"332fd63041d2c1bcb487cc26dd0d5f7d97098a6c","hash":"f38f737f21f58a4df37d86d6200f85e7cc9c3a5f"}
,"/Users/bartoszadamczyk/Projects/aktualne/mock-office/src/lib/gui/modules/notifications/index.js": {"path":"/Users/bartoszadamczyk/Projects/aktualne/mock-office/src/lib/gui/modules/notifications/index.js","statementMap":{},"fnMap":{},"branchMap":{},"s":{},"f":{},"b":{},"_coverageSchema":"332fd63041d2c1bcb487cc26dd0d5f7d97098a6c","hash":"1b847aec19a5ac5a38e58e62a07c4916a67cd0c1"}
,"/Users/bartoszadamczyk/Projects/aktualne/mock-office/src/lib/gui/modules/notifications/lib/Notification.js": {"path":"/Users/bartoszadamczyk/Projects/aktualne/mock-office/src/lib/gui/modules/notifications/lib/Notification.js","statementMap":{"0":{"start":{"line":4,"column":21},"end":{"line":27,"column":1}},"1":{"start":{"line":5,"column":36},"end":{"line":5,"column":79}},"2":{"start":{"line":7,"column":2},"end":{"line":26,"column":4}},"3":{"start":{"line":16,"column":25},"end":{"line":16,"column":48}},"4":{"start":{"line":29,"column":0},"end":{"line":35,"column":2}},"5":{"start":{"line":37,"column":0},"end":{"line":41,"column":2}}},"fnMap":{"0":{"name":"(anonymous_0)","decl":{"start":{"line":4,"column":21},"end":{"line":4,"column":22}},"loc":{"start":{"line":4,"column":81},"end":{"line":27,"column":1}},"line":4},"1":{"name":"(anonymous_1)","decl":{"start":{"line":16,"column":19},"end":{"line":16,"column":20}},"loc":{"start":{"line":16,"column":25},"end":{"line":16,"column":48}},"line":16},"2":{"name":"(anonymous_2)","decl":{"start":{"line":39,"column":23},"end":{"line":39,"column":24}},"loc":{"start":{"line":39,"column":29},"end":{"line":39,"column":31}},"line":39}},"branchMap":{"0":{"loc":{"start":{"line":5,"column":36},"end":{"line":5,"column":79}},"type":"cond-expr","locations":[{"start":{"line":5,"column":43},"end":{"line":5,"column":74}},{"start":{"line":5,"column":77},"end":{"line":5,"column":79}}],"line":5},"1":{"loc":{"start":{"line":13,"column":8},"end":{"line":23,"column":17}},"type":"binary-expr","locations":[{"start":{"line":13,"column":8},"end":{"line":13,"column":18}},{"start":{"line":14,"column":8},"end":{"line":23,"column":17}}],"line":13}},"s":{"0":2,"1":1,"2":1,"3":0,"4":2,"5":2},"f":{"0":1,"1":0,"2":0},"b":{"0":[1,0],"1":[1,1]},"_coverageSchema":"332fd63041d2c1bcb487cc26dd0d5f7d97098a6c","hash":"698ab7531dbfdb5b330c7b6e772e50e55ee54de5"}
,"/Users/bartoszadamczyk/Projects/aktualne/mock-office/src/lib/gui/modules/notifications/lib/Notifications.js": {"path":"/Users/bartoszadamczyk/Projects/aktualne/mock-office/src/lib/gui/modules/notifications/lib/Notifications.js","statementMap":{"0":{"start":{"line":7,"column":29},"end":{"line":7,"column":53}},"1":{"start":{"line":8,"column":33},"end":{"line":8,"column":56}},"2":{"start":{"line":10,"column":4},"end":{"line":16,"column":7}},"3":{"start":{"line":11,"column":6},"end":{"line":15,"column":7}},"4":{"start":{"line":12,"column":50},"end":{"line":12,"column":95}},"5":{"start":{"line":14,"column":8},"end":{"line":14,"column":70}},"6":{"start":{"line":20,"column":51},"end":{"line":20,"column":61}},"7":{"start":{"line":22,"column":4},"end":{"line":40,"column":6}},"8":{"start":{"line":27,"column":14},"end":{"line":35,"column":19}},"9":{"start":{"line":44,"column":0},"end":{"line":54,"column":2}},"10":{"start":{"line":56,"column":0},"end":{"line":58,"column":2}}},"fnMap":{"0":{"name":"(anonymous_0)","decl":{"start":{"line":6,"column":2},"end":{"line":6,"column":3}},"loc":{"start":{"line":6,"column":39},"end":{"line":17,"column":3}},"line":6},"1":{"name":"(anonymous_1)","decl":{"start":{"line":10,"column":33},"end":{"line":10,"column":34}},"loc":{"start":{"line":10,"column":58},"end":{"line":16,"column":5}},"line":10},"2":{"name":"(anonymous_2)","decl":{"start":{"line":12,"column":31},"end":{"line":12,"column":32}},"loc":{"start":{"line":12,"column":50},"end":{"line":12,"column":95}},"line":12},"3":{"name":"(anonymous_3)","decl":{"start":{"line":19,"column":2},"end":{"line":19,"column":3}},"loc":{"start":{"line":19,"column":11},"end":{"line":41,"column":3}},"line":19},"4":{"name":"(anonymous_4)","decl":{"start":{"line":26,"column":12},"end":{"line":26,"column":13}},"loc":{"start":{"line":27,"column":14},"end":{"line":35,"column":19}},"line":27}},"branchMap":{"0":{"loc":{"start":{"line":11,"column":6},"end":{"line":15,"column":7}},"type":"if","locations":[{"start":{"line":11,"column":6},"end":{"line":15,"column":7}},{"start":{"line":11,"column":6},"end":{"line":15,"column":7}}],"line":11}},"s":{"0":0,"1":0,"2":0,"3":0,"4":0,"5":0,"6":2,"7":2,"8":1,"9":1,"10":1},"f":{"0":0,"1":0,"2":0,"3":2,"4":1},"b":{"0":[0,0]},"_coverageSchema":"332fd63041d2c1bcb487cc26dd0d5f7d97098a6c","hash":"6fa405eaef26cd713ceaafe8f73a5d03a2d8aac5"}
,"/Users/bartoszadamczyk/Projects/aktualne/mock-office/src/lib/gui/modules/notifications/lib/NotificationsConnect.js": {"path":"/Users/bartoszadamczyk/Projects/aktualne/mock-office/src/lib/gui/modules/notifications/lib/NotificationsConnect.js","statementMap":{"0":{"start":{"line":6,"column":24},"end":{"line":8,"column":2}},"1":{"start":{"line":6,"column":34},"end":{"line":8,"column":1}},"2":{"start":{"line":9,"column":27},"end":{"line":12,"column":1}}},"fnMap":{"0":{"name":"(anonymous_0)","decl":{"start":{"line":6,"column":24},"end":{"line":6,"column":25}},"loc":{"start":{"line":6,"column":34},"end":{"line":8,"column":1}},"line":6}},"branchMap":{},"s":{"0":1,"1":0,"2":1},"f":{"0":0},"b":{},"_coverageSchema":"332fd63041d2c1bcb487cc26dd0d5f7d97098a6c","hash":"7f8667f1a7da5c61fc90daa4657ab9863d3cf8d3"}
,"/Users/bartoszadamczyk/Projects/aktualne/mock-office/src/lib/gui/modules/notifications/lib/actions.js": {"path":"/Users/bartoszadamczyk/Projects/aktualne/mock-office/src/lib/gui/modules/notifications/lib/actions.js","statementMap":{"0":{"start":{"line":1,"column":36},"end":{"line":1,"column":72}},"1":{"start":{"line":2,"column":41},"end":{"line":5,"column":2}},"2":{"start":{"line":2,"column":48},"end":{"line":5,"column":1}},"3":{"start":{"line":6,"column":32},"end":{"line":6,"column":64}},"4":{"start":{"line":7,"column":37},"end":{"line":11,"column":2}},"5":{"start":{"line":7,"column":59},"end":{"line":11,"column":1}},"6":{"start":{"line":12,"column":35},"end":{"line":12,"column":70}},"7":{"start":{"line":13,"column":40},"end":{"line":16,"column":2}},"8":{"start":{"line":13,"column":47},"end":{"line":16,"column":1}},"9":{"start":{"line":17,"column":42},"end":{"line":17,"column":84}},"10":{"start":{"line":18,"column":46},"end":{"line":21,"column":2}},"11":{"start":{"line":18,"column":53},"end":{"line":21,"column":1}},"12":{"start":{"line":22,"column":36},"end":{"line":22,"column":72}},"13":{"start":{"line":23,"column":42},"end":{"line":26,"column":2}},"14":{"start":{"line":23,"column":49},"end":{"line":26,"column":1}}},"fnMap":{"0":{"name":"(anonymous_0)","decl":{"start":{"line":2,"column":41},"end":{"line":2,"column":42}},"loc":{"start":{"line":2,"column":48},"end":{"line":5,"column":1}},"line":2},"1":{"name":"(anonymous_1)","decl":{"start":{"line":7,"column":37},"end":{"line":7,"column":38}},"loc":{"start":{"line":7,"column":59},"end":{"line":11,"column":1}},"line":7},"2":{"name":"(anonymous_2)","decl":{"start":{"line":13,"column":40},"end":{"line":13,"column":41}},"loc":{"start":{"line":13,"column":47},"end":{"line":16,"column":1}},"line":13},"3":{"name":"(anonymous_3)","decl":{"start":{"line":18,"column":46},"end":{"line":18,"column":47}},"loc":{"start":{"line":18,"column":53},"end":{"line":21,"column":1}},"line":18},"4":{"name":"(anonymous_4)","decl":{"start":{"line":23,"column":42},"end":{"line":23,"column":43}},"loc":{"start":{"line":23,"column":49},"end":{"line":26,"column":1}},"line":23}},"branchMap":{},"s":{"0":3,"1":3,"2":1,"3":3,"4":3,"5":1,"6":3,"7":3,"8":1,"9":3,"10":3,"11":1,"12":3,"13":3,"14":0},"f":{"0":1,"1":1,"2":1,"3":1,"4":0},"b":{},"_coverageSchema":"332fd63041d2c1bcb487cc26dd0d5f7d97098a6c","hash":"287c183f26558b090c39274a6be9e0f3995dc57b"}
,"/Users/bartoszadamczyk/Projects/aktualne/mock-office/src/lib/gui/modules/notifications/lib/createClearExpiredNotificationsEpic.js": {"path":"/Users/bartoszadamczyk/Projects/aktualne/mock-office/src/lib/gui/modules/notifications/lib/createClearExpiredNotificationsEpic.js","statementMap":{"0":{"start":{"line":3,"column":37},"end":{"line":3,"column":41}},"1":{"start":{"line":4,"column":27},"end":{"line":8,"column":2}},"2":{"start":{"line":4,"column":51},"end":{"line":8,"column":2}},"3":{"start":{"line":5,"column":2},"end":{"line":7,"column":21}},"4":{"start":{"line":6,"column":4},"end":{"line":6,"column":16}},"5":{"start":{"line":10,"column":66},"end":{"line":13,"column":45}},"6":{"start":{"line":11,"column":2},"end":{"line":13,"column":45}},"7":{"start":{"line":12,"column":25},"end":{"line":12,"column":63}},"8":{"start":{"line":13,"column":15},"end":{"line":13,"column":44}}},"fnMap":{"0":{"name":"(anonymous_0)","decl":{"start":{"line":4,"column":27},"end":{"line":4,"column":28}},"loc":{"start":{"line":4,"column":51},"end":{"line":8,"column":2}},"line":4},"1":{"name":"(anonymous_1)","decl":{"start":{"line":4,"column":63},"end":{"line":4,"column":64}},"loc":{"start":{"line":4,"column":76},"end":{"line":8,"column":1}},"line":4},"2":{"name":"(anonymous_2)","decl":{"start":{"line":5,"column":13},"end":{"line":5,"column":14}},"loc":{"start":{"line":5,"column":19},"end":{"line":7,"column":3}},"line":5},"3":{"name":"(anonymous_3)","decl":{"start":{"line":10,"column":15},"end":{"line":10,"column":16}},"loc":{"start":{"line":10,"column":66},"end":{"line":13,"column":45}},"line":10},"4":{"name":"(anonymous_4)","decl":{"start":{"line":10,"column":66},"end":{"line":10,"column":67}},"loc":{"start":{"line":11,"column":2},"end":{"line":13,"column":45}},"line":11},"5":{"name":"(anonymous_5)","decl":{"start":{"line":12,"column":13},"end":{"line":12,"column":14}},"loc":{"start":{"line":12,"column":25},"end":{"line":12,"column":63}},"line":12},"6":{"name":"(anonymous_6)","decl":{"start":{"line":13,"column":9},"end":{"line":13,"column":10}},"loc":{"start":{"line":13,"column":15},"end":{"line":13,"column":44}},"line":13}},"branchMap":{"0":{"loc":{"start":{"line":10,"column":16},"end":{"line":10,"column":61}},"type":"default-arg","locations":[{"start":{"line":10,"column":33},"end":{"line":10,"column":61}}],"line":10}},"s":{"0":2,"1":2,"2":1,"3":1,"4":1,"5":1,"6":1,"7":1,"8":1},"f":{"0":1,"1":1,"2":1,"3":1,"4":1,"5":1,"6":1},"b":{"0":[0]},"_coverageSchema":"332fd63041d2c1bcb487cc26dd0d5f7d97098a6c","hash":"5ea5875cc4187b0fc8ec0eb47df996b51dc18dc0"}
,"/Users/bartoszadamczyk/Projects/aktualne/mock-office/src/lib/gui/modules/notifications/lib/createReducer.js": {"path":"/Users/bartoszadamczyk/Projects/aktualne/mock-office/src/lib/gui/modules/notifications/lib/createReducer.js","statementMap":{"0":{"start":{"line":4,"column":21},"end":{"line":7,"column":1}},"1":{"start":{"line":10,"column":23},"end":{"line":15,"column":3}},"2":{"start":{"line":16,"column":17},"end":{"line":16,"column":22}},"3":{"start":{"line":18,"column":2},"end":{"line":20,"column":5}},"4":{"start":{"line":21,"column":2},"end":{"line":21,"column":90}},"5":{"start":{"line":23,"column":2},"end":{"line":23,"column":18}},"6":{"start":{"line":27,"column":17},"end":{"line":27,"column":22}},"7":{"start":{"line":28,"column":2},"end":{"line":30,"column":5}},"8":{"start":{"line":29,"column":47},"end":{"line":29,"column":68}},"9":{"start":{"line":31,"column":22},"end":{"line":31,"column":58}},"10":{"start":{"line":32,"column":2},"end":{"line":32,"column":25}},"11":{"start":{"line":33,"column":2},"end":{"line":35,"column":5}},"12":{"start":{"line":37,"column":2},"end":{"line":37,"column":18}},"13":{"start":{"line":40,"column":22},"end":{"line":61,"column":3}},"14":{"start":{"line":41,"column":2},"end":{"line":61,"column":3}},"15":{"start":{"line":42,"column":19},"end":{"line":42,"column":24}},"16":{"start":{"line":44,"column":4},"end":{"line":46,"column":5}},"17":{"start":{"line":45,"column":6},"end":{"line":45,"column":49}},"18":{"start":{"line":48,"column":4},"end":{"line":60,"column":5}},"19":{"start":{"line":50,"column":8},"end":{"line":50,"column":49}},"20":{"start":{"line":55,"column":8},"end":{"line":55,"column":55}},"21":{"start":{"line":58,"column":8},"end":{"line":58,"column":24}}},"fnMap":{"0":{"name":"addNotification","decl":{"start":{"line":9,"column":16},"end":{"line":9,"column":31}},"loc":{"start":{"line":9,"column":59},"end":{"line":24,"column":1}},"line":9},"1":{"name":"removeNotification","decl":{"start":{"line":26,"column":16},"end":{"line":26,"column":34}},"loc":{"start":{"line":26,"column":46},"end":{"line":38,"column":1}},"line":26},"2":{"name":"(anonymous_2)","decl":{"start":{"line":29,"column":29},"end":{"line":29,"column":30}},"loc":{"start":{"line":29,"column":47},"end":{"line":29,"column":68}},"line":29},"3":{"name":"(anonymous_3)","decl":{"start":{"line":40,"column":22},"end":{"line":40,"column":23}},"loc":{"start":{"line":41,"column":2},"end":{"line":61,"column":3}},"line":41},"4":{"name":"(anonymous_4)","decl":{"start":{"line":41,"column":2},"end":{"line":41,"column":3}},"loc":{"start":{"line":41,"column":36},"end":{"line":61,"column":3}},"line":41}},"branchMap":{"0":{"loc":{"start":{"line":41,"column":3},"end":{"line":41,"column":23}},"type":"default-arg","locations":[{"start":{"line":41,"column":11},"end":{"line":41,"column":23}}],"line":41},"1":{"loc":{"start":{"line":44,"column":4},"end":{"line":46,"column":5}},"type":"if","locations":[{"start":{"line":44,"column":4},"end":{"line":46,"column":5}},{"start":{"line":44,"column":4},"end":{"line":46,"column":5}}],"line":44},"2":{"loc":{"start":{"line":48,"column":4},"end":{"line":60,"column":5}},"type":"switch","locations":[{"start":{"line":49,"column":6},"end":{"line":51,"column":7}},{"start":{"line":52,"column":6},"end":{"line":52,"column":32}},{"start":{"line":53,"column":6},"end":{"line":53,"column":31}},{"start":{"line":54,"column":6},"end":{"line":56,"column":7}},{"start":{"line":57,"column":6},"end":{"line":59,"column":7}}],"line":48}},"s":{"0":3,"1":2,"2":2,"3":2,"4":2,"5":2,"6":3,"7":3,"8":2,"9":3,"10":3,"11":3,"12":3,"13":3,"14":1,"15":7,"16":7,"17":0,"18":7,"19":1,"20":2,"21":4},"f":{"0":2,"1":3,"2":2,"3":1,"4":7},"b":{"0":[3],"1":[0,7],"2":[1,0,1,2,4]},"_coverageSchema":"332fd63041d2c1bcb487cc26dd0d5f7d97098a6c","hash":"a43bad015e532986732a437fc11efd28b0407fb6"}
,"/Users/bartoszadamczyk/Projects/aktualne/mock-office/src/lib/gui/modules/notifications/lib/selectors.js": {"path":"/Users/bartoszadamczyk/Projects/aktualne/mock-office/src/lib/gui/modules/notifications/lib/selectors.js","statementMap":{"0":{"start":{"line":2,"column":40},"end":{"line":7,"column":1}},"1":{"start":{"line":3,"column":14},"end":{"line":3,"column":37}},"2":{"start":{"line":4,"column":19},"end":{"line":4,"column":47}},"3":{"start":{"line":6,"column":2},"end":{"line":6,"column":37}},"4":{"start":{"line":6,"column":23},"end":{"line":6,"column":35}}},"fnMap":{"0":{"name":"(anonymous_0)","decl":{"start":{"line":2,"column":40},"end":{"line":2,"column":41}},"loc":{"start":{"line":2,"column":51},"end":{"line":7,"column":1}},"line":2},"1":{"name":"(anonymous_1)","decl":{"start":{"line":6,"column":17},"end":{"line":6,"column":18}},"loc":{"start":{"line":6,"column":23},"end":{"line":6,"column":35}},"line":6}},"branchMap":{},"s":{"0":3,"1":2,"2":2,"3":2,"4":1},"f":{"0":2,"1":1},"b":{},"_coverageSchema":"332fd63041d2c1bcb487cc26dd0d5f7d97098a6c","hash":"1a1e49004ac9adb2dabf6cdc0e854f866a4a38d7"}
}
