TN:
SF:/Users/bartoszadamczyk/Projects/aktualne/mock-office/jest/fetchMock.js
FNF:0
FNH:0
DA:1,8
LF:1
LH:1
BRF:0
BRH:0
end_of_record
TN:
SF:/Users/bartoszadamczyk/Projects/aktualne/mock-office/jest/rxSetup.js
FNF:0
FNH:0
LF:0
LH:0
BRF:0
BRH:0
end_of_record
TN:
SF:/Users/bartoszadamczyk/Projects/aktualne/mock-office/src/lib/app/eventLog.js
FNF:0
FNH:0
DA:3,2
DA:4,2
DA:5,2
LF:3
LH:3
BRF:0
BRH:0
end_of_record
TN:
SF:/Users/bartoszadamczyk/Projects/aktualne/mock-office/src/lib/app/codex/Behaviour.js
FN:7,(anonymous_0)
FN:14,(anonymous_1)
FN:23,(anonymous_2)
FN:29,(anonymous_3)
FN:43,(anonymous_4)
FN:43,(anonymous_5)
FN:47,(anonymous_6)
FN:59,(anonymous_7)
FN:67,(anonymous_8)
FN:69,(anonymous_9)
FNF:10
FNH:8
FNDA:1,(anonymous_0)
FNDA:1,(anonymous_1)
FNDA:1,(anonymous_2)
FNDA:1,(anonymous_3)
FNDA:1,(anonymous_4)
FNDA:1,(anonymous_5)
FNDA:1,(anonymous_6)
FNDA:1,(anonymous_7)
FNDA:0,(anonymous_8)
FNDA:0,(anonymous_9)
DA:8,1
DA:9,1
DA:10,1
DA:11,1
DA:12,1
DA:13,1
DA:14,1
DA:15,1
DA:17,1
DA:18,1
DA:24,1
DA:30,1
DA:31,0
DA:34,1
DA:36,1
DA:42,1
DA:43,1
DA:44,1
DA:46,1
DA:47,1
DA:48,1
DA:49,1
DA:51,1
DA:59,1
DA:63,1
DA:68,0
DA:69,0
DA:70,0
DA:72,0
DA:81,1
LF:30
LH:25
BRDA:11,0,0,1
BRDA:11,0,1,1
BRDA:30,1,0,0
BRDA:30,1,1,1
BRDA:48,2,0,1
BRDA:48,2,1,0
BRDA:68,3,0,0
BRDA:68,3,1,0
BRF:8
BRH:4
end_of_record
TN:
SF:/Users/bartoszadamczyk/Projects/aktualne/mock-office/src/lib/app/codex/Event.js
FN:2,(anonymous_0)
FNF:1
FNH:1
FNDA:1,(anonymous_0)
DA:3,1
DA:4,1
LF:2
LH:2
BRF:0
BRH:0
end_of_record
TN:
SF:/Users/bartoszadamczyk/Projects/aktualne/mock-office/src/lib/app/codex/Reaction.js
FN:6,(anonymous_0)
FN:16,(anonymous_1)
FN:36,(anonymous_2)
FN:40,(anonymous_3)
FN:57,(anonymous_4)
FN:75,(anonymous_5)
FNF:6
FNH:6
FNDA:7,(anonymous_0)
FNDA:7,(anonymous_1)
FNDA:14,(anonymous_2)
FNDA:4,(anonymous_3)
FNDA:1,(anonymous_4)
FNDA:1,(anonymous_5)
DA:7,7
DA:8,7
DA:9,7
DA:10,7
DA:11,7
DA:12,7
DA:17,7
DA:21,7
DA:25,7
DA:27,7
DA:35,7
DA:37,14
DA:41,4
DA:42,1
DA:45,4
DA:47,4
DA:57,7
DA:58,1
DA:60,1
DA:62,1
DA:79,2
LF:21
LH:21
BRDA:9,0,0,7
BRDA:9,0,1,2
BRDA:10,1,0,7
BRDA:10,1,1,7
BRDA:17,2,0,2
BRDA:17,2,1,5
BRDA:21,3,0,4
BRDA:21,3,1,3
BRDA:41,4,0,1
BRDA:41,4,1,3
BRF:10
BRH:10
end_of_record
TN:
SF:/Users/bartoszadamczyk/Projects/aktualne/mock-office/src/lib/gui/modules/mock-office-service/lib/MockOfficeService.js
FN:10,(anonymous_0)
FN:19,(anonymous_1)
FN:21,(anonymous_2)
FN:24,(anonymous_3)
FN:26,(anonymous_4)
FN:35,(anonymous_5)
FN:47,(anonymous_6)
FN:51,(anonymous_7)
FN:60,(anonymous_8)
FN:69,(anonymous_9)
FN:73,(anonymous_10)
FN:82,(anonymous_11)
FN:88,(anonymous_12)
FN:92,(anonymous_13)
FN:103,(anonymous_14)
FN:113,(anonymous_15)
FN:117,(anonymous_16)
FN:128,(anonymous_17)
FN:138,(anonymous_18)
FN:142,(anonymous_19)
FN:153,(anonymous_20)
FN:162,(anonymous_21)
FN:166,(anonymous_22)
FN:177,(anonymous_23)
FN:185,(anonymous_24)
FN:189,(anonymous_25)
FN:200,(anonymous_26)
FN:209,(anonymous_27)
FN:213,(anonymous_28)
FN:224,(anonymous_29)
FN:229,(anonymous_30)
FNF:31
FNH:31
FNDA:27,(anonymous_0)
FNDA:27,(anonymous_1)
FNDA:1,(anonymous_2)
FNDA:26,(anonymous_3)
FNDA:1,(anonymous_4)
FNDA:3,(anonymous_5)
FNDA:3,(anonymous_6)
FNDA:1,(anonymous_7)
FNDA:3,(anonymous_8)
FNDA:3,(anonymous_9)
FNDA:1,(anonymous_10)
FNDA:3,(anonymous_11)
FNDA:3,(anonymous_12)
FNDA:1,(anonymous_13)
FNDA:3,(anonymous_14)
FNDA:3,(anonymous_15)
FNDA:1,(anonymous_16)
FNDA:3,(anonymous_17)
FNDA:3,(anonymous_18)
FNDA:1,(anonymous_19)
FNDA:3,(anonymous_20)
FNDA:3,(anonymous_21)
FNDA:1,(anonymous_22)
FNDA:3,(anonymous_23)
FNDA:3,(anonymous_24)
FNDA:1,(anonymous_25)
FNDA:3,(anonymous_26)
FNDA:3,(anonymous_27)
FNDA:1,(anonymous_28)
FNDA:3,(anonymous_29)
FNDA:1,(anonymous_30)
DA:11,27
DA:12,0
DA:15,27
DA:16,27
DA:20,27
DA:22,1
DA:25,26
DA:26,1
DA:27,1
DA:31,25
DA:36,3
DA:48,3
DA:49,1
DA:50,2
DA:51,1
DA:52,1
DA:56,1
DA:61,3
DA:70,3
DA:71,1
DA:72,2
DA:73,1
DA:74,1
DA:78,1
DA:83,3
DA:89,3
DA:90,1
DA:91,2
DA:92,1
DA:93,1
DA:95,1
DA:96,1
DA:99,0
DA:104,3
DA:114,3
DA:115,1
DA:116,2
DA:117,1
DA:118,1
DA:120,1
DA:121,1
DA:124,0
DA:129,3
DA:139,3
DA:140,1
DA:141,2
DA:142,1
DA:143,1
DA:145,1
DA:146,1
DA:149,0
DA:154,3
DA:163,3
DA:164,1
DA:165,2
DA:166,1
DA:167,1
DA:169,1
DA:170,1
DA:173,0
DA:178,3
DA:186,3
DA:187,1
DA:188,2
DA:189,1
DA:190,1
DA:192,1
DA:193,1
DA:196,0
DA:201,3
DA:210,3
DA:211,1
DA:212,2
DA:213,1
DA:214,1
DA:216,1
DA:217,1
DA:220,0
DA:225,3
DA:230,1
DA:231,1
DA:234,0
LF:82
LH:74
BRDA:11,0,0,0
BRDA:11,0,1,27
BRDA:25,1,0,1
BRDA:25,1,1,25
BRDA:48,2,0,1
BRDA:48,2,1,2
BRDA:50,3,0,1
BRDA:50,3,1,1
BRDA:70,4,0,1
BRDA:70,4,1,2
BRDA:72,5,0,1
BRDA:72,5,1,1
BRDA:89,6,0,1
BRDA:89,6,1,2
BRDA:91,7,0,1
BRDA:91,7,1,1
BRDA:95,8,0,1
BRDA:95,8,1,0
BRDA:114,9,0,1
BRDA:114,9,1,2
BRDA:116,10,0,1
BRDA:116,10,1,1
BRDA:120,11,0,1
BRDA:120,11,1,0
BRDA:139,12,0,1
BRDA:139,12,1,2
BRDA:141,13,0,1
BRDA:141,13,1,1
BRDA:145,14,0,1
BRDA:145,14,1,0
BRDA:163,15,0,1
BRDA:163,15,1,2
BRDA:165,16,0,1
BRDA:165,16,1,1
BRDA:169,17,0,1
BRDA:169,17,1,0
BRDA:186,18,0,1
BRDA:186,18,1,2
BRDA:188,19,0,1
BRDA:188,19,1,1
BRDA:192,20,0,1
BRDA:192,20,1,0
BRDA:210,21,0,1
BRDA:210,21,1,2
BRDA:212,22,0,1
BRDA:212,22,1,1
BRDA:216,23,0,1
BRDA:216,23,1,0
BRDA:230,24,0,1
BRDA:230,24,1,0
BRF:50
BRH:42
end_of_record
TN:
SF:/Users/bartoszadamczyk/Projects/aktualne/mock-office/src/lib/gui/modules/mock-office-service/lib/errors.js
FN:2,(anonymous_0)
FN:8,(anonymous_1)
FN:14,(anonymous_2)
FN:22,(anonymous_3)
FNF:4
FNH:4
FNDA:18,(anonymous_0)
FNDA:1,(anonymous_1)
FNDA:2,(anonymous_2)
FNDA:6,(anonymous_3)
DA:3,18
DA:9,1
DA:15,2
DA:23,6
LF:4
LH:4
BRF:0
BRH:0
end_of_record
TN:
SF:/Users/bartoszadamczyk/Projects/aktualne/mock-office/src/lib/gui/modules/mock-office-service/lib/index.js
FNF:0
FNH:0
LF:0
LH:0
BRF:0
BRH:0
end_of_record
TN:
SF:/Users/bartoszadamczyk/Projects/aktualne/mock-office/src/lib/gui/modules/notifications/index.js
FNF:0
FNH:0
LF:0
LH:0
BRF:0
BRH:0
end_of_record
TN:
SF:/Users/bartoszadamczyk/Projects/aktualne/mock-office/src/lib/gui/modules/notifications/lib/Notification.js
FN:4,(anonymous_0)
FN:16,(anonymous_1)
FN:39,(anonymous_2)
FNF:3
FNH:1
FNDA:1,(anonymous_0)
FNDA:0,(anonymous_1)
FNDA:0,(anonymous_2)
DA:4,2
DA:5,1
DA:7,1
DA:16,0
DA:29,2
DA:37,2
LF:6
LH:5
BRDA:5,0,0,1
BRDA:5,0,1,0
BRDA:13,1,0,1
BRDA:13,1,1,1
BRF:4
BRH:3
end_of_record
TN:
SF:/Users/bartoszadamczyk/Projects/aktualne/mock-office/src/lib/gui/modules/notifications/lib/Notifications.js
FN:6,(anonymous_0)
FN:10,(anonymous_1)
FN:12,(anonymous_2)
FN:19,(anonymous_3)
FN:26,(anonymous_4)
FNF:5
FNH:2
FNDA:0,(anonymous_0)
FNDA:0,(anonymous_1)
FNDA:0,(anonymous_2)
FNDA:2,(anonymous_3)
FNDA:1,(anonymous_4)
DA:7,0
DA:8,0
DA:10,0
DA:11,0
DA:12,0
DA:14,0
DA:20,2
DA:22,2
DA:27,1
DA:44,1
DA:56,1
LF:11
LH:5
BRDA:11,0,0,0
BRDA:11,0,1,0
BRF:2
BRH:0
end_of_record
TN:
SF:/Users/bartoszadamczyk/Projects/aktualne/mock-office/src/lib/gui/modules/notifications/lib/NotificationsConnect.js
FN:6,(anonymous_0)
FNF:1
FNH:0
FNDA:0,(anonymous_0)
DA:6,1
DA:9,1
LF:2
LH:2
BRF:0
BRH:0
end_of_record
TN:
SF:/Users/bartoszadamczyk/Projects/aktualne/mock-office/src/lib/gui/modules/notifications/lib/actions.js
FN:2,(anonymous_0)
FN:7,(anonymous_1)
FN:13,(anonymous_2)
FN:18,(anonymous_3)
FN:23,(anonymous_4)
FNF:5
FNH:4
FNDA:1,(anonymous_0)
FNDA:1,(anonymous_1)
FNDA:1,(anonymous_2)
FNDA:1,(anonymous_3)
FNDA:0,(anonymous_4)
DA:1,3
DA:2,3
DA:6,3
DA:7,3
DA:12,3
DA:13,3
DA:17,3
DA:18,3
DA:22,3
DA:23,3
LF:10
LH:10
BRF:0
BRH:0
end_of_record
TN:
SF:/Users/bartoszadamczyk/Projects/aktualne/mock-office/src/lib/gui/modules/notifications/lib/createClearExpiredNotificationsEpic.js
FN:4,(anonymous_0)
FN:4,(anonymous_1)
FN:5,(anonymous_2)
FN:10,(anonymous_3)
FN:10,(anonymous_4)
FN:12,(anonymous_5)
FN:13,(anonymous_6)
FNF:7
FNH:7
FNDA:1,(anonymous_0)
FNDA:1,(anonymous_1)
FNDA:1,(anonymous_2)
FNDA:1,(anonymous_3)
FNDA:1,(anonymous_4)
FNDA:1,(anonymous_5)
FNDA:1,(anonymous_6)
DA:3,2
DA:4,2
DA:5,1
DA:6,1
DA:10,1
DA:11,1
DA:12,1
DA:13,1
LF:8
LH:8
BRDA:10,0,0,0
BRF:1
BRH:0
end_of_record
TN:
SF:/Users/bartoszadamczyk/Projects/aktualne/mock-office/src/lib/gui/modules/notifications/lib/createReducer.js
FN:9,addNotification
FN:26,removeNotification
FN:29,(anonymous_2)
FN:40,(anonymous_3)
FN:41,(anonymous_4)
FNF:5
FNH:5
FNDA:2,addNotification
FNDA:3,removeNotification
FNDA:2,(anonymous_2)
FNDA:1,(anonymous_3)
FNDA:7,(anonymous_4)
DA:4,3
DA:10,2
DA:16,2
DA:18,2
DA:21,2
DA:23,2
DA:27,3
DA:28,3
DA:29,2
DA:31,3
DA:32,3
DA:33,3
DA:37,3
DA:40,3
DA:41,1
DA:42,7
DA:44,7
DA:45,0
DA:48,7
DA:50,1
DA:55,2
DA:58,4
LF:22
LH:21
BRDA:41,0,0,3
BRDA:44,1,0,0
BRDA:44,1,1,7
BRDA:48,2,0,1
BRDA:48,2,1,0
BRDA:48,2,2,1
BRDA:48,2,3,2
BRDA:48,2,4,4
BRF:8
BRH:6
end_of_record
TN:
SF:/Users/bartoszadamczyk/Projects/aktualne/mock-office/src/lib/gui/modules/notifications/lib/selectors.js
FN:2,(anonymous_0)
FN:6,(anonymous_1)
FNF:2
FNH:2
FNDA:2,(anonymous_0)
FNDA:1,(anonymous_1)
DA:2,3
DA:3,2
DA:4,2
DA:6,2
LF:4
LH:4
BRF:0
BRH:0
end_of_record
